<?xml version="1.0" encoding="UTF-8"?>
<!-- Generated by org.testng.reporters.JUnitXMLReporter -->
<testsuite ignored="0" hostname="WX-5CG1285KPX" failures="0" tests="17" name="Default test" time="15.264" errors="0" timestamp="2022-05-23T18:09:48 IST">
  <testcase classname="AutomationTesting.Practice.index" name="indexPage" time="2.839"/>
  <testcase classname="AutomationTesting.Practice.index" name="Name" time="0.15"/>
  <testcase classname="AutomationTesting.Practice.index" name="address" time="0.088"/>
  <testcase classname="AutomationTesting.Practice.index" name="Emailtip" time="0.023"/>
  <testcase classname="AutomationTesting.Practice.index" name="Email" time="0.668"/>
  <testcase classname="AutomationTesting.Practice.index" name="gender" time="0.197"/>
  <testcase classname="AutomationTesting.Practice.index" name="Hobbies" time="0.117"/>
  <testcase classname="AutomationTesting.Practice.index" name="phoneNo" time="0.059"/>
  <testcase classname="AutomationTesting.Practice.index" name="country" time="0.313"/>
  <testcase classname="AutomationTesting.Practice.index" name="skills" time="1.52"/>
  <testcase classname="AutomationTesting.Practice.index" name="year" time="0.08"/>
  <testcase classname="AutomationTesting.Practice.index" name="month" time="0.078"/>
  <testcase classname="AutomationTesting.Practice.index" name="day" time="0.08"/>
  <testcase classname="AutomationTesting.Practice.index" name="password" time="0.122"/>
  <testcase classname="AutomationTesting.Practice.index" name="languages" time="3.149"/>
  <testcase classname="AutomationTesting.Practice.index" name="photo" time="0.042"/>
  <testcase classname="AutomationTesting.Practice.index" name="submit" time="1.08"/>
</testsuite> <!-- Default test -->
