<?xml version="1.0" encoding="UTF-8"?>
<!-- Generated by org.testng.reporters.JUnitXMLReporter -->
<testsuite ignored="0" hostname="WX-5CG1285KPX" failures="0" tests="6" name="Test" time="14.967" errors="0" timestamp="2022-05-23T06:47:42 IST">
  <testcase classname="AutomationTesting.Practice.index" name="indexPage" time="5.908"/>
  <testcase classname="AutomationTesting.Practice.index" name="Name" time="0.422"/>
  <testcase classname="AutomationTesting.Practice.index" name="address" time="0.198"/>
  <testcase classname="AutomationTesting.Practice.index" name="Email" time="1.407"/>
  <testcase classname="AutomationTesting.Practice.index" name="gender" time="0.3"/>
  <testcase classname="AutomationTesting.Practice.index" name="Hobbies" time="0.307"/>
</testsuite> <!-- Test -->
