<?xml version="1.0" encoding="UTF-8"?>
<!-- Generated by org.testng.reporters.JUnitXMLReporter -->
<testsuite ignored="0" hostname="WX-5CG1285KPX" failures="0" tests="4" name="Test" time="12.66" errors="0" timestamp="2022-05-22T17:20:31 IST">
  <testcase classname="AutomationTesting.Practice.index" name="indexPage" time="5.195"/>
  <testcase classname="AutomationTesting.Practice.index" name="Name" time="0.326"/>
  <testcase classname="AutomationTesting.Practice.index" name="address" time="0.163"/>
  <testcase classname="AutomationTesting.Practice.index" name="Email" time="1.434"/>
</testsuite> <!-- Test -->
