<?xml version="1.0" encoding="UTF-8"?>
<testng-results ignored="0" total="17" passed="17" failed="0" skipped="0">
  <reporter-output>
    <line>
      <![CDATA[<img src='C:\Users\VENKATEC\espncricinfo\testingqa\Screenshot\language.png'/>]]>
    </line>
  </reporter-output>
  <suite started-at="2022-05-23T18:09:32 IST" name="Default suite" finished-at="2022-05-23T18:09:48 IST" duration-ms="15264">
    <groups>
    </groups>
    <test started-at="2022-05-23T18:09:32 IST" name="Default test" finished-at="2022-05-23T18:09:48 IST" duration-ms="15264">
      <class name="AutomationTesting.Practice.index">
        <test-method is-config="true" signature="browsercache()[pri:0, instance:AutomationTesting.Practice.index@26fb628]" started-at="2022-05-23T18:09:32 IST" name="browsercache" finished-at="2022-05-23T18:09:37 IST" duration-ms="4600" status="PASS">
          <reporter-output>
          </reporter-output>
        </test-method> <!-- browsercache -->
        <test-method signature="indexPage()[pri:1, instance:AutomationTesting.Practice.index@26fb628]" started-at="2022-05-23T18:09:37 IST" name="indexPage" finished-at="2022-05-23T18:09:40 IST" duration-ms="2839" status="PASS">
          <reporter-output>
          </reporter-output>
        </test-method> <!-- indexPage -->
        <test-method signature="Name()[pri:2, instance:AutomationTesting.Practice.index@26fb628]" started-at="2022-05-23T18:09:40 IST" name="Name" finished-at="2022-05-23T18:09:40 IST" duration-ms="150" status="PASS">
          <reporter-output>
          </reporter-output>
        </test-method> <!-- Name -->
        <test-method signature="address()[pri:3, instance:AutomationTesting.Practice.index@26fb628]" started-at="2022-05-23T18:09:40 IST" name="address" finished-at="2022-05-23T18:09:40 IST" duration-ms="88" status="PASS">
          <reporter-output>
          </reporter-output>
        </test-method> <!-- address -->
        <test-method signature="Emailtip()[pri:4, instance:AutomationTesting.Practice.index@26fb628]" started-at="2022-05-23T18:09:40 IST" name="Emailtip" finished-at="2022-05-23T18:09:40 IST" duration-ms="23" status="PASS">
          <reporter-output>
          </reporter-output>
        </test-method> <!-- Emailtip -->
        <test-method signature="Email()[pri:5, instance:AutomationTesting.Practice.index@26fb628]" started-at="2022-05-23T18:09:40 IST" name="Email" finished-at="2022-05-23T18:09:41 IST" duration-ms="668" status="PASS">
          <reporter-output>
          </reporter-output>
        </test-method> <!-- Email -->
        <test-method signature="gender()[pri:6, instance:AutomationTesting.Practice.index@26fb628]" started-at="2022-05-23T18:09:41 IST" name="gender" finished-at="2022-05-23T18:09:41 IST" duration-ms="197" status="PASS">
          <reporter-output>
          </reporter-output>
        </test-method> <!-- gender -->
        <test-method signature="Hobbies()[pri:7, instance:AutomationTesting.Practice.index@26fb628]" started-at="2022-05-23T18:09:41 IST" name="Hobbies" finished-at="2022-05-23T18:09:41 IST" duration-ms="117" status="PASS">
          <reporter-output>
          </reporter-output>
        </test-method> <!-- Hobbies -->
        <test-method signature="phoneNo()[pri:8, instance:AutomationTesting.Practice.index@26fb628]" started-at="2022-05-23T18:09:41 IST" name="phoneNo" finished-at="2022-05-23T18:09:41 IST" duration-ms="59" status="PASS">
          <reporter-output>
          </reporter-output>
        </test-method> <!-- phoneNo -->
        <test-method signature="country()[pri:9, instance:AutomationTesting.Practice.index@26fb628]" started-at="2022-05-23T18:09:41 IST" name="country" finished-at="2022-05-23T18:09:41 IST" duration-ms="313" status="PASS">
          <reporter-output>
          </reporter-output>
        </test-method> <!-- country -->
        <test-method signature="skills()[pri:10, instance:AutomationTesting.Practice.index@26fb628]" started-at="2022-05-23T18:09:41 IST" name="skills" finished-at="2022-05-23T18:09:43 IST" duration-ms="1520" status="PASS">
          <reporter-output>
          </reporter-output>
        </test-method> <!-- skills -->
        <test-method signature="year()[pri:11, instance:AutomationTesting.Practice.index@26fb628]" started-at="2022-05-23T18:09:43 IST" name="year" finished-at="2022-05-23T18:09:43 IST" duration-ms="80" status="PASS">
          <reporter-output>
          </reporter-output>
        </test-method> <!-- year -->
        <test-method signature="month()[pri:12, instance:AutomationTesting.Practice.index@26fb628]" started-at="2022-05-23T18:09:43 IST" name="month" finished-at="2022-05-23T18:09:43 IST" duration-ms="78" status="PASS">
          <reporter-output>
          </reporter-output>
        </test-method> <!-- month -->
        <test-method signature="day()[pri:13, instance:AutomationTesting.Practice.index@26fb628]" started-at="2022-05-23T18:09:43 IST" name="day" finished-at="2022-05-23T18:09:43 IST" duration-ms="80" status="PASS">
          <reporter-output>
          </reporter-output>
        </test-method> <!-- day -->
        <test-method signature="password()[pri:14, instance:AutomationTesting.Practice.index@26fb628]" started-at="2022-05-23T18:09:43 IST" name="password" finished-at="2022-05-23T18:09:43 IST" duration-ms="122" status="PASS">
          <reporter-output>
          </reporter-output>
        </test-method> <!-- password -->
        <test-method signature="languages()[pri:15, instance:AutomationTesting.Practice.index@26fb628]" started-at="2022-05-23T18:09:43 IST" name="languages" finished-at="2022-05-23T18:09:46 IST" duration-ms="3149" status="PASS">
          <reporter-output>
            <line>
              <![CDATA[<img src='C:\Users\VENKATEC\espncricinfo\testingqa\Screenshot\language.png'/>]]>
            </line>
          </reporter-output>
        </test-method> <!-- languages -->
        <test-method signature="photo()[pri:16, instance:AutomationTesting.Practice.index@26fb628]" started-at="2022-05-23T18:09:46 IST" name="photo" finished-at="2022-05-23T18:09:46 IST" duration-ms="42" status="PASS">
          <reporter-output>
          </reporter-output>
        </test-method> <!-- photo -->
        <test-method signature="submit()[pri:17, instance:AutomationTesting.Practice.index@26fb628]" started-at="2022-05-23T18:09:46 IST" name="submit" finished-at="2022-05-23T18:09:48 IST" duration-ms="1080" status="PASS">
          <reporter-output>
          </reporter-output>
        </test-method> <!-- submit -->
      </class> <!-- AutomationTesting.Practice.index -->
    </test> <!-- Default test -->
  </suite> <!-- Default suite -->
</testng-results>
