<?xml version="1.0" encoding="UTF-8"?>
<testng-results ignored="0" total="17" passed="16" failed="1" skipped="0">
  <reporter-output>
    <line>
      <![CDATA[<img src='C:\Users\VENKATEC\espncricinfo\testingqa\Screenshot\language.png'/>]]>
    </line>
  </reporter-output>
  <suite started-at="2022-05-23T18:21:32 IST" name="Suite" finished-at="2022-05-23T18:21:50 IST" duration-ms="18252">
    <groups>
    </groups>
    <test started-at="2022-05-23T18:21:32 IST" name="Test" finished-at="2022-05-23T18:21:50 IST" duration-ms="18252">
      <class name="AutomationTesting.Practice.index">
        <test-method is-config="true" signature="browsercache()[pri:0, instance:AutomationTesting.Practice.index@251ebf23]" started-at="2022-05-23T18:21:32 IST" name="browsercache" finished-at="2022-05-23T18:21:37 IST" duration-ms="5202" status="PASS">
          <reporter-output>
          </reporter-output>
        </test-method> <!-- browsercache -->
        <test-method signature="indexPage()[pri:1, instance:AutomationTesting.Practice.index@251ebf23]" started-at="2022-05-23T18:21:37 IST" name="indexPage" finished-at="2022-05-23T18:21:42 IST" duration-ms="4822" status="PASS">
          <reporter-output>
          </reporter-output>
        </test-method> <!-- indexPage -->
        <test-method signature="Name()[pri:2, instance:AutomationTesting.Practice.index@251ebf23]" started-at="2022-05-23T18:21:42 IST" name="Name" finished-at="2022-05-23T18:21:42 IST" duration-ms="164" status="PASS">
          <reporter-output>
          </reporter-output>
        </test-method> <!-- Name -->
        <test-method signature="address()[pri:3, instance:AutomationTesting.Practice.index@251ebf23]" started-at="2022-05-23T18:21:42 IST" name="address" finished-at="2022-05-23T18:21:42 IST" duration-ms="91" status="PASS">
          <reporter-output>
          </reporter-output>
        </test-method> <!-- address -->
        <test-method signature="Emailtip()[pri:4, instance:AutomationTesting.Practice.index@251ebf23]" started-at="2022-05-23T18:21:42 IST" name="Emailtip" finished-at="2022-05-23T18:21:42 IST" duration-ms="25" status="PASS">
          <reporter-output>
          </reporter-output>
        </test-method> <!-- Emailtip -->
        <test-method signature="Email()[pri:5, instance:AutomationTesting.Practice.index@251ebf23]" started-at="2022-05-23T18:21:42 IST" name="Email" finished-at="2022-05-23T18:21:43 IST" duration-ms="700" status="PASS">
          <reporter-output>
          </reporter-output>
        </test-method> <!-- Email -->
        <test-method signature="gender()[pri:6, instance:AutomationTesting.Practice.index@251ebf23]" started-at="2022-05-23T18:21:43 IST" name="gender" finished-at="2022-05-23T18:21:43 IST" duration-ms="163" status="PASS">
          <reporter-output>
          </reporter-output>
        </test-method> <!-- gender -->
        <test-method signature="Hobbies()[pri:7, instance:AutomationTesting.Practice.index@251ebf23]" started-at="2022-05-23T18:21:43 IST" name="Hobbies" finished-at="2022-05-23T18:21:43 IST" duration-ms="143" status="PASS">
          <reporter-output>
          </reporter-output>
        </test-method> <!-- Hobbies -->
        <test-method signature="phoneNo()[pri:8, instance:AutomationTesting.Practice.index@251ebf23]" started-at="2022-05-23T18:21:43 IST" name="phoneNo" finished-at="2022-05-23T18:21:43 IST" duration-ms="74" status="PASS">
          <reporter-output>
          </reporter-output>
        </test-method> <!-- phoneNo -->
        <test-method signature="country()[pri:9, instance:AutomationTesting.Practice.index@251ebf23]" started-at="2022-05-23T18:21:43 IST" name="country" finished-at="2022-05-23T18:21:43 IST" duration-ms="294" status="PASS">
          <reporter-output>
          </reporter-output>
        </test-method> <!-- country -->
        <test-method signature="skills()[pri:10, instance:AutomationTesting.Practice.index@251ebf23]" started-at="2022-05-23T18:21:43 IST" name="skills" finished-at="2022-05-23T18:21:45 IST" duration-ms="1865" status="PASS">
          <reporter-output>
          </reporter-output>
        </test-method> <!-- skills -->
        <test-method signature="year()[pri:11, instance:AutomationTesting.Practice.index@251ebf23]" started-at="2022-05-23T18:21:45 IST" name="year" finished-at="2022-05-23T18:21:45 IST" duration-ms="105" status="PASS">
          <reporter-output>
          </reporter-output>
        </test-method> <!-- year -->
        <test-method signature="month()[pri:12, instance:AutomationTesting.Practice.index@251ebf23]" started-at="2022-05-23T18:21:45 IST" name="month" finished-at="2022-05-23T18:21:46 IST" duration-ms="113" status="PASS">
          <reporter-output>
          </reporter-output>
        </test-method> <!-- month -->
        <test-method signature="day()[pri:13, instance:AutomationTesting.Practice.index@251ebf23]" started-at="2022-05-23T18:21:46 IST" name="day" finished-at="2022-05-23T18:21:46 IST" duration-ms="99" status="PASS">
          <reporter-output>
          </reporter-output>
        </test-method> <!-- day -->
        <test-method signature="password()[pri:14, instance:AutomationTesting.Practice.index@251ebf23]" started-at="2022-05-23T18:21:46 IST" name="password" finished-at="2022-05-23T18:21:46 IST" duration-ms="159" status="PASS">
          <reporter-output>
          </reporter-output>
        </test-method> <!-- password -->
        <test-method signature="languages()[pri:15, instance:AutomationTesting.Practice.index@251ebf23]" started-at="2022-05-23T18:21:46 IST" name="languages" finished-at="2022-05-23T18:21:49 IST" duration-ms="3058" status="PASS">
          <reporter-output>
            <line>
              <![CDATA[<img src='C:\Users\VENKATEC\espncricinfo\testingqa\Screenshot\language.png'/>]]>
            </line>
          </reporter-output>
        </test-method> <!-- languages -->
        <test-method signature="photo()[pri:16, instance:AutomationTesting.Practice.index@251ebf23]" started-at="2022-05-23T18:21:49 IST" name="photo" finished-at="2022-05-23T18:21:49 IST" duration-ms="42" status="PASS">
          <reporter-output>
          </reporter-output>
        </test-method> <!-- photo -->
        <test-method signature="submit()[pri:17, instance:AutomationTesting.Practice.index@251ebf23]" started-at="2022-05-23T18:21:49 IST" name="submit" finished-at="2022-05-23T18:21:50 IST" duration-ms="1064" status="FAIL">
          <exception class="org.openqa.selenium.ElementClickInterceptedException">
            <message>
              <![CDATA[element click intercepted: Element <button id="submitbtn" type="submit" class="btn btn-primary" name="signup" value="sign up">...</button> is not clickable at point (883, 908). Other element would receive the click: <iframe id="aswift_3" name="aswift_3" style="width: 1005px !important; height: 124px !important; display: block; margin: 0px auto;" sandbox="allow-forms allow-popups allow-popups-to-escape-sandbox allow-same-origin allow-scripts allow-top-navigation-by-user-activation" width="1005" height="124" frameborder="0" marginwidth="0" marginheight="0" vspace="0" hspace="0" allowtransparency="true" scrolling="no" src="https://googleads.g.doubleclick.net/pagead/html/r20220518/r20110914/zrt_lookup.html?fsb=1#RS-1-&amp;adk=1812271801&amp;client=ca-pub-9173866185064071&amp;fa=1&amp;ifi=4&amp;uci=a!4&amp;btvi=1&amp;xpc=yILa2jL3gD&amp;p=http%3A//demo.automationtesting.in" data-google-container-id="a!4" data-google-query-id="CKm-2ebU9fcCFa6Z2AUdV-AN-Q" data-load-complete="true"></iframe>
  (Session info: chrome=101.0.4951.67)
Build info: version: '4.1.4', revision: '535d840ee2'
System info: host: 'WX-5CG1285KPX', ip: '192.168.1.100', os.name: 'Windows 10', os.arch: 'amd64', os.version: '10.0', java.version: '17.0.1'
Driver info: org.openqa.selenium.chrome.ChromeDriver
Command: [b8310a2b4c6c169d4d2ac5332beba71d, clickElement {id=7376ceac-4c88-4e33-95dc-8b350a5d591e}]
Capabilities {acceptInsecureCerts: false, browserName: chrome, browserVersion: 101.0.4951.67, chrome: {chromedriverVersion: 101.0.4951.41 (93c720db8323..., userDataDir: C:\Users\VENKATEC\AppData\L...}, goog:chromeOptions: {debuggerAddress: localhost:50380}, javascriptEnabled: true, networkConnectionEnabled: false, pageLoadStrategy: normal, platform: WINDOWS, platformName: WINDOWS, proxy: Proxy(), se:cdp: ws://localhost:50380/devtoo..., se:cdpVersion: 101.0.4951.67, setWindowRect: true, strictFileInteractability: false, timeouts: {implicit: 0, pageLoad: 300000, script: 30000}, unhandledPromptBehavior: dismiss and notify, webauthn:extension:credBlob: true, webauthn:extension:largeBlob: true, webauthn:virtualAuthenticators: true}
Element: [[ChromeDriver: chrome on WINDOWS (b8310a2b4c6c169d4d2ac5332beba71d)] -> xpath: //button[@id='submitbtn']]
Session ID: b8310a2b4c6c169d4d2ac5332beba71d]]>
            </message>
            <full-stacktrace>
              <![CDATA[org.openqa.selenium.ElementClickInterceptedException: element click intercepted: Element <button id="submitbtn" type="submit" class="btn btn-primary" name="signup" value="sign up">...</button> is not clickable at point (883, 908). Other element would receive the click: <iframe id="aswift_3" name="aswift_3" style="width: 1005px !important; height: 124px !important; display: block; margin: 0px auto;" sandbox="allow-forms allow-popups allow-popups-to-escape-sandbox allow-same-origin allow-scripts allow-top-navigation-by-user-activation" width="1005" height="124" frameborder="0" marginwidth="0" marginheight="0" vspace="0" hspace="0" allowtransparency="true" scrolling="no" src="https://googleads.g.doubleclick.net/pagead/html/r20220518/r20110914/zrt_lookup.html?fsb=1#RS-1-&amp;adk=1812271801&amp;client=ca-pub-9173866185064071&amp;fa=1&amp;ifi=4&amp;uci=a!4&amp;btvi=1&amp;xpc=yILa2jL3gD&amp;p=http%3A//demo.automationtesting.in" data-google-container-id="a!4" data-google-query-id="CKm-2ebU9fcCFa6Z2AUdV-AN-Q" data-load-complete="true"></iframe>
  (Session info: chrome=101.0.4951.67)
Build info: version: '4.1.4', revision: '535d840ee2'
System info: host: 'WX-5CG1285KPX', ip: '192.168.1.100', os.name: 'Windows 10', os.arch: 'amd64', os.version: '10.0', java.version: '17.0.1'
Driver info: org.openqa.selenium.chrome.ChromeDriver
Command: [b8310a2b4c6c169d4d2ac5332beba71d, clickElement {id=7376ceac-4c88-4e33-95dc-8b350a5d591e}]
Capabilities {acceptInsecureCerts: false, browserName: chrome, browserVersion: 101.0.4951.67, chrome: {chromedriverVersion: 101.0.4951.41 (93c720db8323..., userDataDir: C:\Users\VENKATEC\AppData\L...}, goog:chromeOptions: {debuggerAddress: localhost:50380}, javascriptEnabled: true, networkConnectionEnabled: false, pageLoadStrategy: normal, platform: WINDOWS, platformName: WINDOWS, proxy: Proxy(), se:cdp: ws://localhost:50380/devtoo..., se:cdpVersion: 101.0.4951.67, setWindowRect: true, strictFileInteractability: false, timeouts: {implicit: 0, pageLoad: 300000, script: 30000}, unhandledPromptBehavior: dismiss and notify, webauthn:extension:credBlob: true, webauthn:extension:largeBlob: true, webauthn:virtualAuthenticators: true}
Element: [[ChromeDriver: chrome on WINDOWS (b8310a2b4c6c169d4d2ac5332beba71d)] -> xpath: //button[@id='submitbtn']]
Session ID: b8310a2b4c6c169d4d2ac5332beba71d
at java.base/jdk.internal.reflect.NativeConstructorAccessorImpl.newInstance0(Native Method)
at java.base/jdk.internal.reflect.NativeConstructorAccessorImpl.newInstance(NativeConstructorAccessorImpl.java:77)
at java.base/jdk.internal.reflect.DelegatingConstructorAccessorImpl.newInstance(DelegatingConstructorAccessorImpl.java:45)
at java.base/java.lang.reflect.Constructor.newInstanceWithCaller(Constructor.java:499)
at java.base/java.lang.reflect.Constructor.newInstance(Constructor.java:480)
at org.openqa.selenium.remote.codec.w3c.W3CHttpResponseCodec.createException(W3CHttpResponseCodec.java:200)
at org.openqa.selenium.remote.codec.w3c.W3CHttpResponseCodec.decode(W3CHttpResponseCodec.java:133)
at org.openqa.selenium.remote.codec.w3c.W3CHttpResponseCodec.decode(W3CHttpResponseCodec.java:53)
at org.openqa.selenium.remote.HttpCommandExecutor.execute(HttpCommandExecutor.java:184)
at org.openqa.selenium.remote.service.DriverCommandExecutor.invokeExecute(DriverCommandExecutor.java:167)
at org.openqa.selenium.remote.service.DriverCommandExecutor.execute(DriverCommandExecutor.java:142)
at org.openqa.selenium.remote.RemoteWebDriver.execute(RemoteWebDriver.java:567)
at org.openqa.selenium.remote.RemoteWebElement.execute(RemoteWebElement.java:251)
at org.openqa.selenium.remote.RemoteWebElement.click(RemoteWebElement.java:77)
at java.base/jdk.internal.reflect.NativeMethodAccessorImpl.invoke0(Native Method)
at java.base/jdk.internal.reflect.NativeMethodAccessorImpl.invoke(NativeMethodAccessorImpl.java:77)
at java.base/jdk.internal.reflect.DelegatingMethodAccessorImpl.invoke(DelegatingMethodAccessorImpl.java:43)
at java.base/java.lang.reflect.Method.invoke(Method.java:568)
at org.openqa.selenium.support.pagefactory.internal.LocatingElementHandler.invoke(LocatingElementHandler.java:52)
at jdk.proxy2/jdk.proxy2.$Proxy30.click(Unknown Source)
at AutomationTesting.Practice.index.submit(index.java:287)
at java.base/jdk.internal.reflect.NativeMethodAccessorImpl.invoke0(Native Method)
at java.base/jdk.internal.reflect.NativeMethodAccessorImpl.invoke(NativeMethodAccessorImpl.java:77)
at java.base/jdk.internal.reflect.DelegatingMethodAccessorImpl.invoke(DelegatingMethodAccessorImpl.java:43)
at java.base/java.lang.reflect.Method.invoke(Method.java:568)
at org.testng.internal.invokers.MethodInvocationHelper.invokeMethod(MethodInvocationHelper.java:139)
at org.testng.internal.invokers.TestInvoker.invokeMethod(TestInvoker.java:677)
at org.testng.internal.invokers.TestInvoker.invokeTestMethod(TestInvoker.java:221)
at org.testng.internal.invokers.MethodRunner.runInSequence(MethodRunner.java:50)
at org.testng.internal.invokers.TestInvoker$MethodInvocationAgent.invoke(TestInvoker.java:962)
at org.testng.internal.invokers.TestInvoker.invokeTestMethods(TestInvoker.java:194)
at org.testng.internal.invokers.TestMethodWorker.invokeTestMethods(TestMethodWorker.java:148)
at org.testng.internal.invokers.TestMethodWorker.run(TestMethodWorker.java:128)
at java.base/java.util.ArrayList.forEach(ArrayList.java:1511)
at org.testng.TestRunner.privateRun(TestRunner.java:806)
at org.testng.TestRunner.run(TestRunner.java:601)
at org.testng.SuiteRunner.runTest(SuiteRunner.java:433)
at org.testng.SuiteRunner.runSequentially(SuiteRunner.java:427)
at org.testng.SuiteRunner.privateRun(SuiteRunner.java:387)
at org.testng.SuiteRunner.run(SuiteRunner.java:330)
at org.testng.SuiteRunnerWorker.runSuite(SuiteRunnerWorker.java:52)
at org.testng.SuiteRunnerWorker.run(SuiteRunnerWorker.java:95)
at org.testng.TestNG.runSuitesSequentially(TestNG.java:1256)
at org.testng.TestNG.runSuitesLocally(TestNG.java:1176)
at org.testng.TestNG.runSuites(TestNG.java:1099)
at org.testng.TestNG.run(TestNG.java:1067)
at org.testng.remote.AbstractRemoteTestNG.run(AbstractRemoteTestNG.java:115)
at org.testng.remote.RemoteTestNG.initAndRun(RemoteTestNG.java:251)
at org.testng.remote.RemoteTestNG.main(RemoteTestNG.java:77)
]]>
            </full-stacktrace>
          </exception> <!-- org.openqa.selenium.ElementClickInterceptedException -->
          <reporter-output>
          </reporter-output>
        </test-method> <!-- submit -->
      </class> <!-- AutomationTesting.Practice.index -->
    </test> <!-- Test -->
  </suite> <!-- Suite -->
</testng-results>
